This file contains any messages produced by compilers while
running configure, to aid debugging if configure makes a mistake.

It was created by CitcomS configure 3.1.1, which was
generated by GNU Autoconf 2.71.  Invocation command line was

  $ ./configure --with-pyre=no

## --------- ##
## Platform. ##
## --------- ##

hostname = derecho3
uname -m = x86_64
uname -r = 5.14.21-150400.24.18-default
uname -s = Linux
uname -v = #1 SMP PREEMPT_DYNAMIC Thu Aug 4 14:17:48 UTC 2022 (e9f7bfc)

/usr/bin/uname -p = x86_64
/bin/uname -X     = unknown

/bin/arch              = x86_64
/usr/bin/arch -k       = unknown
/usr/convex/getsysinfo = unknown
/usr/bin/hostinfo      = unknown
/bin/machine           = unknown
/usr/bin/oslevel       = unknown
/bin/universe          = unknown

PATH: /glade/u/home/taoyuan/miniconda_derecho/bin/
PATH: /glade/u/home/taoyuan/miniconda_derecho/condabin/
PATH: /glade/u/apps/derecho/23.09/spack/opt/spack/netcdf/4.9.2/oneapi/2023.2.1/yzvj/bin/
PATH: /glade/u/apps/derecho/23.09/spack/opt/spack/hdf5/1.12.2/oneapi/2023.2.1/4ybq/bin/
PATH: /glade/u/apps/derecho/23.09/spack/opt/spack/ncarcompilers/1.0.0/oneapi/2023.2.1/6q5s/bin/mpi/
PATH: /opt/cray/pe/pals/1.2.12/bin/
PATH: /opt/cray/libfabric/1.15.2.0/bin/
PATH: /opt/cray/pe/mpich/8.1.27/ofi/intel/2022.1/bin/
PATH: /opt/cray/pe/mpich/8.1.27/bin/
PATH: /glade/u/apps/derecho/23.09/spack/opt/spack/ncarcompilers/1.0.0/oneapi/2023.2.1/6q5s/bin/
PATH: /glade/u/apps/common/23.08/spack/opt/spack/intel-oneapi-compilers/2023.2.1/compiler/2023.2.1/linux/lib/oclfpga/bin/
PATH: /glade/u/apps/common/23.08/spack/opt/spack/intel-oneapi-compilers/2023.2.1/compiler/2023.2.1/linux/bin/intel64/
PATH: /glade/u/apps/common/23.08/spack/opt/spack/intel-oneapi-compilers/2023.2.1/compiler/2023.2.1/linux/bin/
PATH: /opt/cray/pe/craype/2.7.23/bin/
PATH: /glade/u/apps/derecho/23.09/opt/utils/bin/
PATH: /opt/clmgr/sbin/
PATH: /opt/clmgr/bin/
PATH: /opt/sgi/sbin/
PATH: /opt/sgi/bin/
PATH: /glade/u/home/taoyuan/.local/bin/
PATH: /opt/c3/bin/
PATH: /usr/lib/mit/bin/
PATH: /usr/lib/mit/sbin/
PATH: /opt/pbs/bin/
PATH: /glade/u/apps/derecho/23.09/opt/view/bin/
PATH: /usr/local/bin/
PATH: /usr/bin/
PATH: /sbin/
PATH: /bin/
PATH: /opt/cray/pe/bin/


## ----------- ##
## Core tests. ##
## ----------- ##

configure:2853: looking for aux files: config.guess config.sub ltmain.sh compile missing install-sh
configure:2866:  trying ././aux-config/
configure:2895:   ././aux-config/config.guess found
configure:2895:   ././aux-config/config.sub found
configure:2895:   ././aux-config/ltmain.sh found
configure:2895:   ././aux-config/compile found
configure:2895:   ././aux-config/missing found
configure:2877:   ././aux-config/install-sh found
configure:3029: checking for a BSD-compatible install
configure:3102: result: /usr/bin/install -c
configure:3113: checking whether build environment is sane
configure:3168: result: yes
configure:3327: checking for a race-free mkdir -p
configure:3371: result: /usr/bin/mkdir -p
configure:3378: checking for gawk
configure:3399: found /usr/bin/gawk
configure:3410: result: gawk
configure:3421: checking whether make sets $(MAKE)
configure:3444: result: yes
configure:3474: checking whether make supports nested variables
configure:3492: result: yes
configure:3855: checking for C compiler version
configure:3864: icx --version >&5
Intel(R) oneAPI DPC++/C++ Compiler 2023.2.0 (2023.2.0.20230721)
Target: x86_64-unknown-linux-gnu
Thread model: posix
InstalledDir: /glade/u/apps/common/23.08/spack/opt/spack/intel-oneapi-compilers/2023.2.1/compiler/2023.2.1/linux/bin-llvm
Configuration file: /glade/u/apps/common/23.08/spack/opt/spack/intel-oneapi-compilers/2023.2.1/compiler/2023.2.1/linux/bin-llvm/../bin/icx.cfg
configure:3875: $? = 0
configure:3864: icx -v >&5
Intel(R) oneAPI DPC++/C++ Compiler 2023.2.0 (2023.2.0.20230721)
Target: x86_64-unknown-linux-gnu
Thread model: posix
InstalledDir: /glade/u/apps/common/23.08/spack/opt/spack/intel-oneapi-compilers/2023.2.1/compiler/2023.2.1/linux/bin-llvm
Configuration file: /glade/u/apps/common/23.08/spack/opt/spack/intel-oneapi-compilers/2023.2.1/compiler/2023.2.1/linux/bin-llvm/../bin/icx.cfg
Found candidate GCC installation: /usr/lib64/gcc/x86_64-suse-linux/7
Selected GCC installation: /usr/lib64/gcc/x86_64-suse-linux/7
Candidate multilib: .;@m64
Selected multilib: .;@m64
 "/usr/lib64/gcc/x86_64-suse-linux/7/../../../../x86_64-suse-linux/bin/ld" -z relro --hash-style=both --eh-frame-hdr -m elf_x86_64 -dynamic-linker /lib64/ld-linux-x86-64.so.2 -o a.out /usr/lib64/gcc/x86_64-suse-linux/7/../../../../lib64/crt1.o /usr/lib64/gcc/x86_64-suse-linux/7/../../../../lib64/crti.o /usr/lib64/gcc/x86_64-suse-linux/7/crtbegin.o -L/glade/u/apps/derecho/23.09/spack/opt/spack/netcdf/4.9.2/oneapi/2023.2.1/yzvj/lib -L/glade/u/apps/common/23.08/spack/opt/spack/intel-oneapi-compilers/2023.2.1/lib -L/glade/u/apps/derecho/23.09/spack/opt/spack/hdf5/1.12.2/oneapi/2023.2.1/4ybq/lib -L/glade/u/apps/derecho/23.09/opt/view/lib64 -L/glade/u/apps/derecho/23.09/opt/view/lib -L/glade/u/apps/common/23.08/spack/opt/spack/intel-oneapi-compilers/2023.2.1/compiler/2023.2.1/linux/compiler/lib/intel64_lin -L/glade/u/apps/common/23.08/spack/opt/spack/intel-oneapi-compilers/2023.2.1/compiler/2023.2.1/linux/bin-llvm/../lib -L/glade/u/apps/common/23.08/spack/opt/spack/intel-oneapi-compilers/2023.2.1/compiler/2023.2.1/linux/compiler/lib/intel64_lin -L/usr/lib64/gcc/x86_64-suse-linux/7 -L/usr/lib64/gcc/x86_64-suse-linux/7/../../../../lib64 -L/lib/../lib64 -L/usr/lib/../lib64 -L/usr/lib64/gcc/x86_64-suse-linux/7/../../../../x86_64-suse-linux/lib -L/usr/lib64/gcc/x86_64-suse-linux/7/../../.. -L/glade/u/apps/common/23.08/spack/opt/spack/intel-oneapi-compilers/2023.2.1/compiler/2023.2.1/linux/bin-llvm/../lib -L/lib -L/usr/lib -L/glade/u/apps/common/23.08/spack/opt/spack/intel-oneapi-compilers/2023.2.1/compiler/2023.2.1/linux/compiler/lib/intel64_lin -L/glade/u/apps/common/23.08/spack/opt/spack/intel-oneapi-compilers/2023.2.1/compiler/2023.2.1/linux/lib -rpath /glade/u/apps/common/23.08/spack/opt/spack/intel-oneapi-compilers/2023.2.1/compiler/2023.2.1/linux/lib -rpath /glade/u/apps/common/23.08/spack/opt/spack/intel-oneapi-compilers/2023.2.1/compiler/2023.2.1/linux/lib/x64 -rpath /glade/u/apps/common/23.08/spack/opt/spack/intel-oneapi-compilers/2023.2.1/compiler/2023.2.1/linux/lib/oclfpga/host/linux64/lib -rpath /glade/u/apps/common/23.08/spack/opt/spack/intel-oneapi-compilers/2023.2.1/compiler/2023.2.1/linux/lib/oclfpga/linux64/lib -rpath /glade/u/apps/common/23.08/spack/opt/spack/intel-oneapi-compilers/2023.2.1/compiler/2023.2.1/linux/compiler/lib/intel64_lin --disable-new-dtags -rpath /glade/u/apps/derecho/23.09/spack/opt/spack/netcdf/4.9.2/oneapi/2023.2.1/yzvj/lib -rpath /glade/u/apps/common/23.08/spack/opt/spack/intel-oneapi-compilers/2023.2.1/lib -rpath /glade/u/apps/derecho/23.09/spack/opt/spack/hdf5/1.12.2/oneapi/2023.2.1/4ybq/lib -rpath /glade/u/apps/derecho/23.09/opt/view/lib64 -rpath /glade/u/apps/derecho/23.09/opt/view/lib -Bstatic -lsvml -Bdynamic -Bstatic -lirng -Bdynamic -Bstatic -limf -Bdynamic -lm -lgcc --as-needed -lgcc_s --no-as-needed -Bstatic -lirc -Bdynamic -ldl -lgcc --as-needed -lgcc_s --no-as-needed -lc -lgcc --as-needed -lgcc_s --no-as-needed -Bstatic -lirc_s -Bdynamic /usr/lib64/gcc/x86_64-suse-linux/7/crtend.o /usr/lib64/gcc/x86_64-suse-linux/7/../../../../lib64/crtn.o
... rest of stderr output deleted ...
configure:3875: $? = 1
configure:3864: icx -V >&5
Intel(R) oneAPI DPC++/C++ Compiler for applications running on Intel(R) 64, Version 2023.2.0 Build 20230721
Copyright (C) 1985-2023 Intel Corporation. All rights reserved.

/usr/lib64/gcc/x86_64-suse-linux/7/../../../../x86_64-suse-linux/bin/ld: /usr/lib64/gcc/x86_64-suse-linux/7/../../../../lib64/crt1.o: in function `_start':
/home/abuild/rpmbuild/BUILD/glibc-2.31/csu/../sysdeps/x86_64/start.S:104: undefined reference to `main'
icx: error: linker command failed with exit code 1 (use -v to see invocation)
configure:3875: $? = 1
configure:3864: icx -qversion >&5
icx: error: unknown argument '-qversion'; did you mean '--version'?
configure:3875: $? = 1
configure:3864: icx -version >&5
icx: error: unknown argument '-version'; did you mean '--version'?
configure:3875: $? = 1
configure:3895: checking whether the C compiler works
configure:3917: icx -O3   conftest.c  >&5
configure:3921: $? = 0
configure:3971: result: yes
configure:3974: checking for C compiler default output file name
configure:3976: result: a.out
configure:3982: checking for suffix of executables
configure:3989: icx -o conftest -O3   conftest.c  >&5
configure:3993: $? = 0
configure:4016: result: 
configure:4038: checking whether we are cross compiling
configure:4046: icx -o conftest -O3   conftest.c  >&5
configure:4050: $? = 0
configure:4057: ./conftest
configure:4061: $? = 0
configure:4076: result: no
configure:4081: checking for suffix of object files
configure:4104: icx -c -O3  conftest.c >&5
configure:4108: $? = 0
configure:4130: result: o
configure:4134: checking whether the compiler supports GNU C
configure:4154: icx -c -O3  conftest.c >&5
configure:4154: $? = 0
configure:4164: result: yes
configure:4175: checking whether icx accepts -g
configure:4196: icx -c -g  conftest.c >&5
icx: remark: Note that use of '-g' without any optimization-level option will turn off most compiler optimizations similar to use of '-O0'; use '-Rno-debug-disables-optimization' to disable this remark [-Rdebug-disables-optimization]
configure:4196: $? = 0
configure: failed program was:
| /* confdefs.h */
| #define PACKAGE_NAME "CitcomS"
| #define PACKAGE_TARNAME "CitcomS"
| #define PACKAGE_VERSION "3.1.1"
| #define PACKAGE_STRING "CitcomS 3.1.1"
| #define PACKAGE_BUGREPORT "cig-mc@geodynamics.org"
| #define PACKAGE_URL ""
| #define PACKAGE "CitcomS"
| #define VERSION "3.1.1"
| /* end confdefs.h.  */
| 
| int
| main (void)
| {
| 
|   ;
|   return 0;
| }
configure:4212: icx -c   conftest.c >&5
configure:4212: $? = 0
configure:4240: result: no
configure:4260: checking for icx option to enable C11 features
configure:4275: icx  -c -O3  conftest.c >&5
conftest.c:25:14: warning: a function definition without a prototype is deprecated in all versions of C and is not supported in C2x [-Wdeprecated-non-prototype]
static char *e (p, i)
             ^
1 warning generated.
configure:4275: $? = 0
configure:4293: result: none needed
configure:4409: checking whether icx understands -c and -o together
configure:4432: icx -c conftest.c -o conftest2.o
configure:4435: $? = 0
configure:4432: icx -c conftest.c -o conftest2.o
configure:4435: $? = 0
configure:4447: result: yes
configure:4467: checking whether make supports the include directive
configure:4482: make -f confmf.GNU && cat confinc.out
this is the am__doit target
configure:4485: $? = 0
configure:4504: result: yes (GNU style)
configure:4530: checking dependency style of icx
configure:4642: result: gcc3
configure:4785: checking for C++ compiler version
configure:4794: icpx --version >&5
Intel(R) oneAPI DPC++/C++ Compiler 2023.2.0 (2023.2.0.20230721)
Target: x86_64-unknown-linux-gnu
Thread model: posix
InstalledDir: /glade/u/apps/common/23.08/spack/opt/spack/intel-oneapi-compilers/2023.2.1/compiler/2023.2.1/linux/bin-llvm
Configuration file: /glade/u/apps/common/23.08/spack/opt/spack/intel-oneapi-compilers/2023.2.1/compiler/2023.2.1/linux/bin-llvm/../bin/icpx.cfg
configure:4805: $? = 0
configure:4794: icpx -v >&5
Intel(R) oneAPI DPC++/C++ Compiler 2023.2.0 (2023.2.0.20230721)
Target: x86_64-unknown-linux-gnu
Thread model: posix
InstalledDir: /glade/u/apps/common/23.08/spack/opt/spack/intel-oneapi-compilers/2023.2.1/compiler/2023.2.1/linux/bin-llvm
Configuration file: /glade/u/apps/common/23.08/spack/opt/spack/intel-oneapi-compilers/2023.2.1/compiler/2023.2.1/linux/bin-llvm/../bin/icpx.cfg
Found candidate GCC installation: /usr/lib64/gcc/x86_64-suse-linux/7
Selected GCC installation: /usr/lib64/gcc/x86_64-suse-linux/7
Candidate multilib: .;@m64
Selected multilib: .;@m64
 "/usr/lib64/gcc/x86_64-suse-linux/7/../../../../x86_64-suse-linux/bin/ld" -z relro --hash-style=both --eh-frame-hdr -m elf_x86_64 -dynamic-linker /lib64/ld-linux-x86-64.so.2 -o a.out /usr/lib64/gcc/x86_64-suse-linux/7/../../../../lib64/crt1.o /usr/lib64/gcc/x86_64-suse-linux/7/../../../../lib64/crti.o /usr/lib64/gcc/x86_64-suse-linux/7/crtbegin.o -L/glade/u/apps/derecho/23.09/spack/opt/spack/netcdf/4.9.2/oneapi/2023.2.1/yzvj/lib -L/glade/u/apps/common/23.08/spack/opt/spack/intel-oneapi-compilers/2023.2.1/lib -L/glade/u/apps/derecho/23.09/spack/opt/spack/hdf5/1.12.2/oneapi/2023.2.1/4ybq/lib -L/glade/u/apps/derecho/23.09/opt/view/lib64 -L/glade/u/apps/derecho/23.09/opt/view/lib -L/glade/u/apps/common/23.08/spack/opt/spack/intel-oneapi-compilers/2023.2.1/compiler/2023.2.1/linux/compiler/lib/intel64_lin -L/glade/u/apps/common/23.08/spack/opt/spack/intel-oneapi-compilers/2023.2.1/compiler/2023.2.1/linux/bin-llvm/../lib -L/glade/u/apps/common/23.08/spack/opt/spack/intel-oneapi-compilers/2023.2.1/compiler/2023.2.1/linux/compiler/lib/intel64_lin -L/usr/lib64/gcc/x86_64-suse-linux/7 -L/usr/lib64/gcc/x86_64-suse-linux/7/../../../../lib64 -L/lib/../lib64 -L/usr/lib/../lib64 -L/usr/lib64/gcc/x86_64-suse-linux/7/../../../../x86_64-suse-linux/lib -L/usr/lib64/gcc/x86_64-suse-linux/7/../../.. -L/glade/u/apps/common/23.08/spack/opt/spack/intel-oneapi-compilers/2023.2.1/compiler/2023.2.1/linux/bin-llvm/../lib -L/lib -L/usr/lib -L/glade/u/apps/common/23.08/spack/opt/spack/intel-oneapi-compilers/2023.2.1/compiler/2023.2.1/linux/compiler/lib/intel64_lin -L/glade/u/apps/common/23.08/spack/opt/spack/intel-oneapi-compilers/2023.2.1/compiler/2023.2.1/linux/lib -rpath /glade/u/apps/common/23.08/spack/opt/spack/intel-oneapi-compilers/2023.2.1/compiler/2023.2.1/linux/lib -rpath /glade/u/apps/common/23.08/spack/opt/spack/intel-oneapi-compilers/2023.2.1/compiler/2023.2.1/linux/lib/x64 -rpath /glade/u/apps/common/23.08/spack/opt/spack/intel-oneapi-compilers/2023.2.1/compiler/2023.2.1/linux/lib/oclfpga/host/linux64/lib -rpath /glade/u/apps/common/23.08/spack/opt/spack/intel-oneapi-compilers/2023.2.1/compiler/2023.2.1/linux/lib/oclfpga/linux64/lib -rpath /glade/u/apps/common/23.08/spack/opt/spack/intel-oneapi-compilers/2023.2.1/compiler/2023.2.1/linux/compiler/lib/intel64_lin --disable-new-dtags -rpath /glade/u/apps/derecho/23.09/spack/opt/spack/netcdf/4.9.2/oneapi/2023.2.1/yzvj/lib -rpath /glade/u/apps/common/23.08/spack/opt/spack/intel-oneapi-compilers/2023.2.1/lib -rpath /glade/u/apps/derecho/23.09/spack/opt/spack/hdf5/1.12.2/oneapi/2023.2.1/4ybq/lib -rpath /glade/u/apps/derecho/23.09/opt/view/lib64 -rpath /glade/u/apps/derecho/23.09/opt/view/lib -Bstatic -lsvml -Bdynamic -Bstatic -lirng -Bdynamic -lstdc++ -Bstatic -limf -Bdynamic -lm -lgcc_s -lgcc -Bstatic -lirc -Bdynamic -ldl -lgcc_s -lgcc -lc -lgcc_s -lgcc -Bstatic -lirc_s -Bdynamic /usr/lib64/gcc/x86_64-suse-linux/7/crtend.o /usr/lib64/gcc/x86_64-suse-linux/7/../../../../lib64/crtn.o
... rest of stderr output deleted ...
configure:4805: $? = 1
configure:4794: icpx -V >&5
Intel(R) oneAPI DPC++/C++ Compiler for applications running on Intel(R) 64, Version 2023.2.0 Build 20230721
Copyright (C) 1985-2023 Intel Corporation. All rights reserved.

/usr/lib64/gcc/x86_64-suse-linux/7/../../../../x86_64-suse-linux/bin/ld: /usr/lib64/gcc/x86_64-suse-linux/7/../../../../lib64/crt1.o: in function `_start':
/home/abuild/rpmbuild/BUILD/glibc-2.31/csu/../sysdeps/x86_64/start.S:104: undefined reference to `main'
icpx: error: linker command failed with exit code 1 (use -v to see invocation)
configure:4805: $? = 1
configure:4794: icpx -qversion >&5
icpx: error: unknown argument '-qversion'; did you mean '--version'?
configure:4805: $? = 1
configure:4809: checking whether the compiler supports GNU C++
configure:4829: icpx -c   conftest.cpp >&5
configure:4829: $? = 0
configure:4839: result: yes
configure:4850: checking whether icpx accepts -g
configure:4871: icpx -c -g  conftest.cpp >&5
icpx: remark: Note that use of '-g' without any optimization-level option will turn off most compiler optimizations similar to use of '-O0'; use '-Rno-debug-disables-optimization' to disable this remark [-Rdebug-disables-optimization]
configure:4871: $? = 0
configure: failed program was:
| /* confdefs.h */
| #define PACKAGE_NAME "CitcomS"
| #define PACKAGE_TARNAME "CitcomS"
| #define PACKAGE_VERSION "3.1.1"
| #define PACKAGE_STRING "CitcomS 3.1.1"
| #define PACKAGE_BUGREPORT "cig-mc@geodynamics.org"
| #define PACKAGE_URL ""
| #define PACKAGE "CitcomS"
| #define VERSION "3.1.1"
| /* end confdefs.h.  */
| 
| int
| main (void)
| {
| 
|   ;
|   return 0;
| }
configure:4887: icpx -c   conftest.cpp >&5
configure:4887: $? = 0
configure:4915: result: no
configure:4935: checking for icpx option to enable C++11 features
configure:4950: icpx  -c -O2  conftest.cpp >&5
conftest.cpp:177:25: warning: empty parentheses interpreted as a function declaration [-Wvexing-parse]
  cxx11test::delegate d2();
                        ^~
conftest.cpp:177:25: note: remove parentheses to declare a variable
  cxx11test::delegate d2();
                        ^~
1 warning generated.
configure:4950: $? = 0
configure:4968: result: none needed
configure:5034: checking dependency style of icpx
configure:5146: result: gcc3
configure:5168: checking for stdio.h
configure:5168: icx -c -O3  conftest.c >&5
configure:5168: $? = 0
configure:5168: result: yes
configure:5168: checking for stdlib.h
configure:5168: icx -c -O3  conftest.c >&5
configure:5168: $? = 0
configure:5168: result: yes
configure:5168: checking for string.h
configure:5168: icx -c -O3  conftest.c >&5
configure:5168: $? = 0
configure:5168: result: yes
configure:5168: checking for inttypes.h
configure:5168: icx -c -O3  conftest.c >&5
configure:5168: $? = 0
configure:5168: result: yes
configure:5168: checking for stdint.h
configure:5168: icx -c -O3  conftest.c >&5
configure:5168: $? = 0
configure:5168: result: yes
configure:5168: checking for strings.h
configure:5168: icx -c -O3  conftest.c >&5
configure:5168: $? = 0
configure:5168: result: yes
configure:5168: checking for sys/stat.h
configure:5168: icx -c -O3  conftest.c >&5
configure:5168: $? = 0
configure:5168: result: yes
configure:5168: checking for sys/types.h
configure:5168: icx -c -O3  conftest.c >&5
configure:5168: $? = 0
configure:5168: result: yes
configure:5168: checking for unistd.h
configure:5168: icx -c -O3  conftest.c >&5
configure:5168: $? = 0
configure:5168: result: yes
configure:5193: checking for malloc.h
configure:5193: icx -c -O3  conftest.c >&5
configure:5193: $? = 0
configure:5193: result: yes
configure:5947: checking build system type
configure:5962: result: x86_64-unknown-linux-gnu
configure:5982: checking host system type
configure:5996: result: x86_64-unknown-linux-gnu
configure:6037: checking how to print strings
configure:6064: result: printf
configure:6085: checking for a sed that does not truncate output
configure:6155: result: /usr/bin/sed
configure:6173: checking for grep that handles long lines and -e
configure:6237: result: /usr/bin/grep
configure:6242: checking for egrep
configure:6310: result: /usr/bin/grep -E
configure:6315: checking for fgrep
configure:6383: result: /usr/bin/grep -F
configure:6419: checking for ld used by icx
configure:6487: result: /usr/x86_64-suse-linux/bin/ld
configure:6494: checking if the linker (/usr/x86_64-suse-linux/bin/ld) is GNU ld
configure:6510: result: yes
configure:6522: checking for BSD- or MS-compatible name lister (nm)
configure:6572: result: /usr/bin/nm -B
configure:6712: checking the name lister (/usr/bin/nm -B) interface
configure:6720: icx -c -O3  conftest.c >&5
configure:6723: /usr/bin/nm -B "conftest.o"
configure:6726: output
0000000000000000 B some_variable
configure:6733: result: BSD nm
configure:6736: checking whether ln -s works
configure:6740: result: yes
configure:6748: checking the maximum length of command line arguments
configure:6879: result: 57600000
configure:6896: checking whether the shell understands some XSI constructs
configure:6906: result: yes
configure:6910: checking whether the shell understands "+="
configure:6916: result: yes
configure:6951: checking how to convert x86_64-unknown-linux-gnu file names to x86_64-unknown-linux-gnu format
configure:6992: result: func_convert_file_noop
configure:6999: checking how to convert x86_64-unknown-linux-gnu file names to toolchain format
configure:7020: result: func_convert_file_noop
configure:7027: checking for /usr/x86_64-suse-linux/bin/ld option to reload object files
configure:7035: result: -r
configure:7114: checking for objdump
configure:7135: found /usr/bin/objdump
configure:7146: result: objdump
configure:7178: checking how to recognize dependent libraries
configure:7381: result: pass_all
configure:7471: checking for dlltool
configure:7506: result: no
configure:7536: checking how to associate runtime and link libraries
configure:7564: result: printf %s\n
configure:7629: checking for ar
configure:7650: found /usr/bin/ar
configure:7661: result: ar
configure:7698: checking for archiver @FILE support
configure:7716: icx -c -O3  conftest.c >&5
configure:7716: $? = 0
configure:7720: ar cru libconftest.a @conftest.lst >&5
configure:7723: $? = 0
configure:7728: ar cru libconftest.a @conftest.lst >&5
ar: conftest.o: No such file or directory
configure:7731: $? = 1
configure:7743: result: @
configure:7806: checking for strip
configure:7827: found /usr/bin/strip
configure:7838: result: strip
configure:7915: checking for ranlib
configure:7936: found /usr/bin/ranlib
configure:7947: result: ranlib
configure:8049: checking command to parse /usr/bin/nm -B output from icx object
configure:8170: icx -c -O3  conftest.c >&5
configure:8173: $? = 0
configure:8177: /usr/bin/nm -B conftest.o \| sed -n -e 's/^.*[ ]\([ABCDGIRSTW][ABCDGIRSTW]*\)[ ][ ]*\([_A-Za-z][_A-Za-z0-9]*\)$/\1 \2 \2/p' | sed '/ __gnu_lto/d' \> conftest.nm
configure:8180: $? = 0
configure:8246: icx -o conftest -O3   conftest.c conftstm.o >&5
configure:8249: $? = 0
configure:8287: result: ok
configure:8324: checking for sysroot
configure:8355: result: no
configure:8433: icx -c -O3  conftest.c >&5
configure:8436: $? = 0
configure:8625: checking for mt
configure:8646: found /usr/bin/mt
configure:8657: result: mt
configure:8680: checking if mt is a manifest tool
configure:8687: mt '-?'
configure:8695: result: no
configure:9386: checking for dlfcn.h
configure:9386: icx -c -O3  conftest.c >&5
configure:9386: $? = 0
configure:9386: result: yes
configure:9605: checking for objdir
configure:9621: result: .libs
configure:9892: checking if icx supports -fno-rtti -fno-exceptions
configure:9911: icx -c -O3  -fno-rtti -fno-exceptions conftest.c >&5
configure:9915: $? = 0
configure:9928: result: yes
configure:10255: checking for icx option to produce PIC
configure:10263: result: -fPIC -DPIC
configure:10271: checking if icx PIC flag -fPIC -DPIC works
configure:10290: icx -c -O3  -fPIC -DPIC -DPIC conftest.c >&5
configure:10294: $? = 0
configure:10307: result: yes
configure:10336: checking if icx static flag -static works
configure:10365: result: no
configure:10380: checking if icx supports -c -o file.o
configure:10402: icx -c -O3  -o out/conftest2.o conftest.c >&5
configure:10406: $? = 0
configure:10428: result: yes
configure:10436: checking if icx supports -c -o file.o
configure:10484: result: yes
configure:10517: checking whether the icx linker (/usr/x86_64-suse-linux/bin/ld -m elf_x86_64) supports shared libraries
configure:11677: result: yes
configure:11714: checking whether -lc should be explicitly linked in
configure:11723: icx -c -O3  conftest.c >&5
configure:11726: $? = 0
configure:11741: icx -shared  -fPIC -DPIC conftest.o  -v -Wl,-soname -Wl,conftest -o conftest 2\>\&1 \| /usr/bin/grep  -lc  \>/dev/null 2\>\&1
configure:11744: $? = 0
configure:11758: result: no
configure:11918: checking dynamic linker characteristics
configure:12430: icx -o conftest -O3   -Wl,-rpath -Wl,/foo conftest.c  >&5
configure:12430: $? = 0
configure:12654: result: GNU/Linux ld.so
configure:12761: checking how to hardcode library paths into programs
configure:12786: result: immediate
configure:13330: checking whether stripping libraries is possible
configure:13335: result: yes
configure:13370: checking if libtool supports shared libraries
configure:13372: result: yes
configure:13375: checking whether to build shared libraries
configure:13396: result: yes
configure:13399: checking whether to build static libraries
configure:13403: result: yes
configure:13426: checking how to run the C++ preprocessor
configure:13448: icpx -E  conftest.cpp
icpx: warning: -Wl,--disable-new-dtags: 'linker' input unused [-Wunused-command-line-argument]
icpx: warning: -Wl,-rpath,/glade/u/apps/derecho/23.09/spack/opt/spack/netcdf/4.9.2/oneapi/2023.2.1/yzvj/lib: 'linker' input unused [-Wunused-command-line-argument]
icpx: warning: -Wl,-rpath,/glade/u/apps/common/23.08/spack/opt/spack/intel-oneapi-compilers/2023.2.1/lib: 'linker' input unused [-Wunused-command-line-argument]
icpx: warning: -Wl,-rpath,/glade/u/apps/derecho/23.09/spack/opt/spack/hdf5/1.12.2/oneapi/2023.2.1/4ybq/lib: 'linker' input unused [-Wunused-command-line-argument]
icpx: warning: -Wl,-rpath,/glade/u/apps/derecho/23.09/opt/view/lib64: 'linker' input unused [-Wunused-command-line-argument]
icpx: warning: -Wl,-rpath,/glade/u/apps/derecho/23.09/opt/view/lib: 'linker' input unused [-Wunused-command-line-argument]
icpx: warning: argument unused during compilation: '-L/glade/u/apps/derecho/23.09/spack/opt/spack/netcdf/4.9.2/oneapi/2023.2.1/yzvj/lib' [-Wunused-command-line-argument]
icpx: warning: argument unused during compilation: '-L/glade/u/apps/common/23.08/spack/opt/spack/intel-oneapi-compilers/2023.2.1/lib' [-Wunused-command-line-argument]
icpx: warning: argument unused during compilation: '-L/glade/u/apps/derecho/23.09/spack/opt/spack/hdf5/1.12.2/oneapi/2023.2.1/4ybq/lib' [-Wunused-command-line-argument]
icpx: warning: argument unused during compilation: '-L/glade/u/apps/derecho/23.09/opt/view/lib64' [-Wunused-command-line-argument]
icpx: warning: argument unused during compilation: '-L/glade/u/apps/derecho/23.09/opt/view/lib' [-Wunused-command-line-argument]
configure:13448: $? = 0
configure:13463: icpx -E  conftest.cpp
icpx: warning: -Wl,--disable-new-dtags: 'linker' input unused [-Wunused-command-line-argument]
icpx: warning: -Wl,-rpath,/glade/u/apps/derecho/23.09/spack/opt/spack/netcdf/4.9.2/oneapi/2023.2.1/yzvj/lib: 'linker' input unused [-Wunused-command-line-argument]
icpx: warning: -Wl,-rpath,/glade/u/apps/common/23.08/spack/opt/spack/intel-oneapi-compilers/2023.2.1/lib: 'linker' input unused [-Wunused-command-line-argument]
icpx: warning: -Wl,-rpath,/glade/u/apps/derecho/23.09/spack/opt/spack/hdf5/1.12.2/oneapi/2023.2.1/4ybq/lib: 'linker' input unused [-Wunused-command-line-argument]
icpx: warning: -Wl,-rpath,/glade/u/apps/derecho/23.09/opt/view/lib64: 'linker' input unused [-Wunused-command-line-argument]
icpx: warning: -Wl,-rpath,/glade/u/apps/derecho/23.09/opt/view/lib: 'linker' input unused [-Wunused-command-line-argument]
icpx: warning: argument unused during compilation: '-L/glade/u/apps/derecho/23.09/spack/opt/spack/netcdf/4.9.2/oneapi/2023.2.1/yzvj/lib' [-Wunused-command-line-argument]
icpx: warning: argument unused during compilation: '-L/glade/u/apps/common/23.08/spack/opt/spack/intel-oneapi-compilers/2023.2.1/lib' [-Wunused-command-line-argument]
icpx: warning: argument unused during compilation: '-L/glade/u/apps/derecho/23.09/spack/opt/spack/hdf5/1.12.2/oneapi/2023.2.1/4ybq/lib' [-Wunused-command-line-argument]
icpx: warning: argument unused during compilation: '-L/glade/u/apps/derecho/23.09/opt/view/lib64' [-Wunused-command-line-argument]
icpx: warning: argument unused during compilation: '-L/glade/u/apps/derecho/23.09/opt/view/lib' [-Wunused-command-line-argument]
conftest.cpp:24:10: fatal error: 'ac_nonexistent.h' file not found
#include <ac_nonexistent.h>
         ^~~~~~~~~~~~~~~~~~
1 error generated.
configure:13463: $? = 1
configure: failed program was:
| /* confdefs.h */
| #define PACKAGE_NAME "CitcomS"
| #define PACKAGE_TARNAME "CitcomS"
| #define PACKAGE_VERSION "3.1.1"
| #define PACKAGE_STRING "CitcomS 3.1.1"
| #define PACKAGE_BUGREPORT "cig-mc@geodynamics.org"
| #define PACKAGE_URL ""
| #define PACKAGE "CitcomS"
| #define VERSION "3.1.1"
| #define HAVE_STDIO_H 1
| #define HAVE_STDLIB_H 1
| #define HAVE_STRING_H 1
| #define HAVE_INTTYPES_H 1
| #define HAVE_STDINT_H 1
| #define HAVE_STRINGS_H 1
| #define HAVE_SYS_STAT_H 1
| #define HAVE_SYS_TYPES_H 1
| #define HAVE_UNISTD_H 1
| #define STDC_HEADERS 1
| #define HAVE_MALLOC_H 1
| #define HAVE_DLFCN_H 1
| #define LT_OBJDIR ".libs/"
| /* end confdefs.h.  */
| #include <ac_nonexistent.h>
configure:13490: result: icpx -E
configure:13504: icpx -E  conftest.cpp
icpx: warning: -Wl,--disable-new-dtags: 'linker' input unused [-Wunused-command-line-argument]
icpx: warning: -Wl,-rpath,/glade/u/apps/derecho/23.09/spack/opt/spack/netcdf/4.9.2/oneapi/2023.2.1/yzvj/lib: 'linker' input unused [-Wunused-command-line-argument]
icpx: warning: -Wl,-rpath,/glade/u/apps/common/23.08/spack/opt/spack/intel-oneapi-compilers/2023.2.1/lib: 'linker' input unused [-Wunused-command-line-argument]
icpx: warning: -Wl,-rpath,/glade/u/apps/derecho/23.09/spack/opt/spack/hdf5/1.12.2/oneapi/2023.2.1/4ybq/lib: 'linker' input unused [-Wunused-command-line-argument]
icpx: warning: -Wl,-rpath,/glade/u/apps/derecho/23.09/opt/view/lib64: 'linker' input unused [-Wunused-command-line-argument]
icpx: warning: -Wl,-rpath,/glade/u/apps/derecho/23.09/opt/view/lib: 'linker' input unused [-Wunused-command-line-argument]
icpx: warning: argument unused during compilation: '-L/glade/u/apps/derecho/23.09/spack/opt/spack/netcdf/4.9.2/oneapi/2023.2.1/yzvj/lib' [-Wunused-command-line-argument]
icpx: warning: argument unused during compilation: '-L/glade/u/apps/common/23.08/spack/opt/spack/intel-oneapi-compilers/2023.2.1/lib' [-Wunused-command-line-argument]
icpx: warning: argument unused during compilation: '-L/glade/u/apps/derecho/23.09/spack/opt/spack/hdf5/1.12.2/oneapi/2023.2.1/4ybq/lib' [-Wunused-command-line-argument]
icpx: warning: argument unused during compilation: '-L/glade/u/apps/derecho/23.09/opt/view/lib64' [-Wunused-command-line-argument]
icpx: warning: argument unused during compilation: '-L/glade/u/apps/derecho/23.09/opt/view/lib' [-Wunused-command-line-argument]
configure:13504: $? = 0
configure:13519: icpx -E  conftest.cpp
icpx: warning: -Wl,--disable-new-dtags: 'linker' input unused [-Wunused-command-line-argument]
icpx: warning: -Wl,-rpath,/glade/u/apps/derecho/23.09/spack/opt/spack/netcdf/4.9.2/oneapi/2023.2.1/yzvj/lib: 'linker' input unused [-Wunused-command-line-argument]
icpx: warning: -Wl,-rpath,/glade/u/apps/common/23.08/spack/opt/spack/intel-oneapi-compilers/2023.2.1/lib: 'linker' input unused [-Wunused-command-line-argument]
icpx: warning: -Wl,-rpath,/glade/u/apps/derecho/23.09/spack/opt/spack/hdf5/1.12.2/oneapi/2023.2.1/4ybq/lib: 'linker' input unused [-Wunused-command-line-argument]
icpx: warning: -Wl,-rpath,/glade/u/apps/derecho/23.09/opt/view/lib64: 'linker' input unused [-Wunused-command-line-argument]
icpx: warning: -Wl,-rpath,/glade/u/apps/derecho/23.09/opt/view/lib: 'linker' input unused [-Wunused-command-line-argument]
icpx: warning: argument unused during compilation: '-L/glade/u/apps/derecho/23.09/spack/opt/spack/netcdf/4.9.2/oneapi/2023.2.1/yzvj/lib' [-Wunused-command-line-argument]
icpx: warning: argument unused during compilation: '-L/glade/u/apps/common/23.08/spack/opt/spack/intel-oneapi-compilers/2023.2.1/lib' [-Wunused-command-line-argument]
icpx: warning: argument unused during compilation: '-L/glade/u/apps/derecho/23.09/spack/opt/spack/hdf5/1.12.2/oneapi/2023.2.1/4ybq/lib' [-Wunused-command-line-argument]
icpx: warning: argument unused during compilation: '-L/glade/u/apps/derecho/23.09/opt/view/lib64' [-Wunused-command-line-argument]
icpx: warning: argument unused during compilation: '-L/glade/u/apps/derecho/23.09/opt/view/lib' [-Wunused-command-line-argument]
conftest.cpp:24:10: fatal error: 'ac_nonexistent.h' file not found
#include <ac_nonexistent.h>
         ^~~~~~~~~~~~~~~~~~
1 error generated.
configure:13519: $? = 1
configure: failed program was:
| /* confdefs.h */
| #define PACKAGE_NAME "CitcomS"
| #define PACKAGE_TARNAME "CitcomS"
| #define PACKAGE_VERSION "3.1.1"
| #define PACKAGE_STRING "CitcomS 3.1.1"
| #define PACKAGE_BUGREPORT "cig-mc@geodynamics.org"
| #define PACKAGE_URL ""
| #define PACKAGE "CitcomS"
| #define VERSION "3.1.1"
| #define HAVE_STDIO_H 1
| #define HAVE_STDLIB_H 1
| #define HAVE_STRING_H 1
| #define HAVE_INTTYPES_H 1
| #define HAVE_STDINT_H 1
| #define HAVE_STRINGS_H 1
| #define HAVE_SYS_STAT_H 1
| #define HAVE_SYS_TYPES_H 1
| #define HAVE_UNISTD_H 1
| #define STDC_HEADERS 1
| #define HAVE_MALLOC_H 1
| #define HAVE_DLFCN_H 1
| #define LT_OBJDIR ".libs/"
| /* end confdefs.h.  */
| #include <ac_nonexistent.h>
configure:13691: checking for ld used by icpx
configure:13759: result: /usr/x86_64-suse-linux/bin/ld -m elf_x86_64
configure:13766: checking if the linker (/usr/x86_64-suse-linux/bin/ld -m elf_x86_64) is GNU ld
configure:13782: result: yes
configure:13837: checking whether the icpx linker (/usr/x86_64-suse-linux/bin/ld -m elf_x86_64) supports shared libraries
configure:14846: result: yes
configure:14882: icpx -c -O2  conftest.cpp >&5
configure:14885: $? = 0
configure:15405: checking for icpx option to produce PIC
configure:15413: result: -fPIC -DPIC
configure:15421: checking if icpx PIC flag -fPIC -DPIC works
configure:15440: icpx -c -O2  -fPIC -DPIC -DPIC conftest.cpp >&5
configure:15444: $? = 0
configure:15457: result: yes
configure:15480: checking if icpx static flag -static works
configure:15509: result: no
configure:15521: checking if icpx supports -c -o file.o
configure:15543: icpx -c -O2  -o out/conftest2.o conftest.cpp >&5
configure:15547: $? = 0
configure:15569: result: yes
configure:15574: checking if icpx supports -c -o file.o
configure:15622: result: yes
configure:15652: checking whether the icpx linker (/usr/x86_64-suse-linux/bin/ld -m elf_x86_64) supports shared libraries
configure:15688: result: yes
configure:15830: checking dynamic linker characteristics
configure:16500: result: GNU/Linux ld.so
configure:16553: checking how to hardcode library paths into programs
configure:16578: result: immediate
configure:16726: checking if libtool supports shared libraries
configure:16728: result: yes
configure:16731: checking whether to build shared libraries
configure:16751: result: yes
configure:16754: checking whether to build static libraries
configure:16758: result: yes
configure:17079: checking for ifort option to produce PIC
configure:17087: result: -fPIC
configure:17095: checking if ifort PIC flag -fPIC works
configure:17114: ifort -c  -fPIC conftest.f >&5
configure:17118: $? = 0
configure:17131: result: yes
configure:17154: checking if ifort static flag -static works
configure:17183: result: no
configure:17195: checking if ifort supports -c -o file.o
configure:17217: ifort -c  -o out/conftest2.o conftest.f >&5
configure:17221: $? = 0
configure:17243: result: yes
configure:17248: checking if ifort supports -c -o file.o
configure:17296: result: yes
configure:17326: checking whether the ifort linker (/usr/x86_64-suse-linux/bin/ld -m elf_x86_64) supports shared libraries
configure:18435: result: yes
configure:18577: checking dynamic linker characteristics
configure:19241: result: GNU/Linux ld.so
configure:19294: checking how to hardcode library paths into programs
configure:19319: result: immediate
configure:19373: checking for library containing MPI_Init
configure:19403: icx -o conftest -O3   conftest.c  >&5
configure:19403: $? = 0
configure:19423: result: none required
configure:19434: checking for library containing sqrt
configure:19464: icx -o conftest -O3   conftest.c  >&5
conftest.c:28:6: warning: incompatible redeclaration of library function 'sqrt' [-Wincompatible-library-redeclaration]
char sqrt ();
     ^
conftest.c:28:6: note: 'sqrt' is a builtin with type 'double (double)'
1 warning generated.
configure:19464: $? = 0
configure:19484: result: none required
configure:19501: checking for library containing H5Fopen
configure:19531: icx -o conftest -O3   conftest.c  >&5
/usr/lib64/gcc/x86_64-suse-linux/7/../../../../x86_64-suse-linux/bin/ld: /glade/derecho/scratch/taoyuan/tmp/icx-011cac/conftest-e9dca7.o: in function `main':
conftest.c:(.text+0x18): undefined reference to `H5Fopen'
icx: error: linker command failed with exit code 1 (use -v to see invocation)
configure:19531: $? = 1
configure: failed program was:
| /* confdefs.h */
| #define PACKAGE_NAME "CitcomS"
| #define PACKAGE_TARNAME "CitcomS"
| #define PACKAGE_VERSION "3.1.1"
| #define PACKAGE_STRING "CitcomS 3.1.1"
| #define PACKAGE_BUGREPORT "cig-mc@geodynamics.org"
| #define PACKAGE_URL ""
| #define PACKAGE "CitcomS"
| #define VERSION "3.1.1"
| #define HAVE_STDIO_H 1
| #define HAVE_STDLIB_H 1
| #define HAVE_STRING_H 1
| #define HAVE_INTTYPES_H 1
| #define HAVE_STDINT_H 1
| #define HAVE_STRINGS_H 1
| #define HAVE_SYS_STAT_H 1
| #define HAVE_SYS_TYPES_H 1
| #define HAVE_UNISTD_H 1
| #define STDC_HEADERS 1
| #define HAVE_MALLOC_H 1
| #define HAVE_DLFCN_H 1
| #define LT_OBJDIR ".libs/"
| /* end confdefs.h.  */
| 
| /* Override any GCC internal prototype to avoid an error.
|    Use char because int might match the return type of a GCC
|    builtin and then its argument prototype would still apply.  */
| char H5Fopen ();
| int
| main (void)
| {
| return H5Fopen ();
|   ;
|   return 0;
| }
configure:19531: icx -o conftest -O3   conftest.c -lhdf5   >&5
configure:19531: $? = 0
configure:19551: result: -lhdf5
configure:19576: checking for library containing H5Pset_dxpl_mpio
configure:19606: icx -o conftest -O3   conftest.c -lhdf5  >&5
/usr/lib64/gcc/x86_64-suse-linux/7/../../../../x86_64-suse-linux/bin/ld: /glade/derecho/scratch/taoyuan/tmp/icx-7fea4d/conftest-46ff8b.o: in function `main':
conftest.c:(.text+0x18): undefined reference to `H5Pset_dxpl_mpio'
icx: error: linker command failed with exit code 1 (use -v to see invocation)
configure:19606: $? = 1
configure: failed program was:
| /* confdefs.h */
| #define PACKAGE_NAME "CitcomS"
| #define PACKAGE_TARNAME "CitcomS"
| #define PACKAGE_VERSION "3.1.1"
| #define PACKAGE_STRING "CitcomS 3.1.1"
| #define PACKAGE_BUGREPORT "cig-mc@geodynamics.org"
| #define PACKAGE_URL ""
| #define PACKAGE "CitcomS"
| #define VERSION "3.1.1"
| #define HAVE_STDIO_H 1
| #define HAVE_STDLIB_H 1
| #define HAVE_STRING_H 1
| #define HAVE_INTTYPES_H 1
| #define HAVE_STDINT_H 1
| #define HAVE_STRINGS_H 1
| #define HAVE_SYS_STAT_H 1
| #define HAVE_SYS_TYPES_H 1
| #define HAVE_UNISTD_H 1
| #define STDC_HEADERS 1
| #define HAVE_MALLOC_H 1
| #define HAVE_DLFCN_H 1
| #define LT_OBJDIR ".libs/"
| /* end confdefs.h.  */
| 
| /* Override any GCC internal prototype to avoid an error.
|    Use char because int might match the return type of a GCC
|    builtin and then its argument prototype would still apply.  */
| char H5Pset_dxpl_mpio ();
| int
| main (void)
| {
| return H5Pset_dxpl_mpio ();
|   ;
|   return 0;
| }
configure:19606: icx -o conftest -O3   conftest.c -lhdf5  -lhdf5  >&5
/usr/lib64/gcc/x86_64-suse-linux/7/../../../../x86_64-suse-linux/bin/ld: /glade/derecho/scratch/taoyuan/tmp/icx-0dd0c3/conftest-936622.o: in function `main':
conftest.c:(.text+0x18): undefined reference to `H5Pset_dxpl_mpio'
icx: error: linker command failed with exit code 1 (use -v to see invocation)
configure:19606: $? = 1
configure: failed program was:
| /* confdefs.h */
| #define PACKAGE_NAME "CitcomS"
| #define PACKAGE_TARNAME "CitcomS"
| #define PACKAGE_VERSION "3.1.1"
| #define PACKAGE_STRING "CitcomS 3.1.1"
| #define PACKAGE_BUGREPORT "cig-mc@geodynamics.org"
| #define PACKAGE_URL ""
| #define PACKAGE "CitcomS"
| #define VERSION "3.1.1"
| #define HAVE_STDIO_H 1
| #define HAVE_STDLIB_H 1
| #define HAVE_STRING_H 1
| #define HAVE_INTTYPES_H 1
| #define HAVE_STDINT_H 1
| #define HAVE_STRINGS_H 1
| #define HAVE_SYS_STAT_H 1
| #define HAVE_SYS_TYPES_H 1
| #define HAVE_UNISTD_H 1
| #define STDC_HEADERS 1
| #define HAVE_MALLOC_H 1
| #define HAVE_DLFCN_H 1
| #define LT_OBJDIR ".libs/"
| /* end confdefs.h.  */
| 
| /* Override any GCC internal prototype to avoid an error.
|    Use char because int might match the return type of a GCC
|    builtin and then its argument prototype would still apply.  */
| char H5Pset_dxpl_mpio ();
| int
| main (void)
| {
| return H5Pset_dxpl_mpio ();
|   ;
|   return 0;
| }
configure:19626: result: no
configure:19637: WARNING: parallel HDF5 library not found; disabling HDF5 support
configure:19677: checking for mpi.h
configure:19677: icx -c -O3  conftest.c >&5
configure:19677: $? = 0
configure:19677: result: yes
configure:19890: checking for library containing gzopen
configure:19920: icx -o conftest -O3   conftest.c -lhdf5  >&5
/usr/lib64/gcc/x86_64-suse-linux/7/../../../../x86_64-suse-linux/bin/ld: /glade/derecho/scratch/taoyuan/tmp/icx-dcb24c/conftest-778c9f.o: undefined reference to symbol 'gzopen'
/usr/lib64/gcc/x86_64-suse-linux/7/../../../../x86_64-suse-linux/bin/ld: /glade/u/apps/derecho/23.09/spack/opt/spack/zlib/1.2.13/gcc/7.5.0/g42i/lib/libz.so.1: error adding symbols: DSO missing from command line
icx: error: linker command failed with exit code 1 (use -v to see invocation)
configure:19920: $? = 1
configure: failed program was:
| /* confdefs.h */
| #define PACKAGE_NAME "CitcomS"
| #define PACKAGE_TARNAME "CitcomS"
| #define PACKAGE_VERSION "3.1.1"
| #define PACKAGE_STRING "CitcomS 3.1.1"
| #define PACKAGE_BUGREPORT "cig-mc@geodynamics.org"
| #define PACKAGE_URL ""
| #define PACKAGE "CitcomS"
| #define VERSION "3.1.1"
| #define HAVE_STDIO_H 1
| #define HAVE_STDLIB_H 1
| #define HAVE_STRING_H 1
| #define HAVE_INTTYPES_H 1
| #define HAVE_STDINT_H 1
| #define HAVE_STRINGS_H 1
| #define HAVE_SYS_STAT_H 1
| #define HAVE_SYS_TYPES_H 1
| #define HAVE_UNISTD_H 1
| #define STDC_HEADERS 1
| #define HAVE_MALLOC_H 1
| #define HAVE_DLFCN_H 1
| #define LT_OBJDIR ".libs/"
| /* end confdefs.h.  */
| 
| /* Override any GCC internal prototype to avoid an error.
|    Use char because int might match the return type of a GCC
|    builtin and then its argument prototype would still apply.  */
| char gzopen ();
| int
| main (void)
| {
| return gzopen ();
|   ;
|   return 0;
| }
configure:19920: icx -o conftest -O3   conftest.c -lz  -lhdf5  >&5
configure:19920: $? = 0
configure:19940: result: -lz
configure:20318: checking that generated files are newer than configure
configure:20324: result: done
configure:20375: creating ./config.status

## ---------------------- ##
## Running config.status. ##
## ---------------------- ##

This file was extended by CitcomS config.status 3.1.1, which was
generated by GNU Autoconf 2.71.  Invocation command line was

  CONFIG_FILES    = 
  CONFIG_HEADERS  = 
  CONFIG_LINKS    = 
  CONFIG_COMMANDS = 
  $ ./config.status 

on derecho3

config.status:1247: creating Makefile
config.status:1247: creating bin/Makefile
config.status:1247: creating CitcomS/Makefile
config.status:1247: creating etc/Makefile
config.status:1247: creating examples/Makefile
config.status:1247: creating lib/Makefile
config.status:1247: creating module/Makefile
config.status:1247: creating module/Exchanger/Makefile
config.status:1247: creating tests/Makefile
config.status:1247: creating visual/Makefile
config.status:1247: creating visual/OpenDXMacro/Makefile
config.status:1247: creating config.h
config.status:1428: config.h is unchanged
config.status:1476: executing depfiles commands
config.status:1553: cd bin       && sed -e '/# am--include-marker/d' Makefile         | make -f - am--depfiles
make: Nothing to be done for 'am--depfiles'.
config.status:1558: $? = 0
config.status:1553: cd lib       && sed -e '/# am--include-marker/d' Makefile         | make -f - am--depfiles
make: Nothing to be done for 'am--depfiles'.
config.status:1558: $? = 0
config.status:1553: cd module       && sed -e '/# am--include-marker/d' Makefile         | make -f - am--depfiles
make: Nothing to be done for 'am--depfiles'.
config.status:1558: $? = 0
config.status:1553: cd module/Exchanger       && sed -e '/# am--include-marker/d' Makefile         | make -f - am--depfiles
make: Nothing to be done for 'am--depfiles'.
config.status:1558: $? = 0
config.status:1553: cd visual       && sed -e '/# am--include-marker/d' Makefile         | make -f - am--depfiles
make: Nothing to be done for 'am--depfiles'.
config.status:1558: $? = 0
config.status:1476: executing libtool commands

## ---------------- ##
## Cache variables. ##
## ---------------- ##

ac_cv_build=x86_64-unknown-linux-gnu
ac_cv_c_compiler_gnu=yes
ac_cv_cxx_compiler_gnu=yes
ac_cv_env_CCC_set=
ac_cv_env_CCC_value=
ac_cv_env_CC_set=set
ac_cv_env_CC_value=icx
ac_cv_env_CFLAGS_set=set
ac_cv_env_CFLAGS_value=-O3
ac_cv_env_CPPFLAGS_set=
ac_cv_env_CPPFLAGS_value=
ac_cv_env_CXXCPP_set=
ac_cv_env_CXXCPP_value=
ac_cv_env_CXXFLAGS_set=
ac_cv_env_CXXFLAGS_value=
ac_cv_env_CXX_set=set
ac_cv_env_CXX_value=icpx
ac_cv_env_HC_HOME_set=
ac_cv_env_HC_HOME_value=
ac_cv_env_LDFLAGS_set=
ac_cv_env_LDFLAGS_value=
ac_cv_env_LIBS_set=
ac_cv_env_LIBS_value=
ac_cv_env_PHDF5_HOME_set=
ac_cv_env_PHDF5_HOME_value=
ac_cv_env_PYTHONPATH_set=
ac_cv_env_PYTHONPATH_value=
ac_cv_env_PYTHON_set=
ac_cv_env_PYTHON_value=
ac_cv_env_build_alias_set=
ac_cv_env_build_alias_value=
ac_cv_env_host_alias_set=
ac_cv_env_host_alias_value=
ac_cv_env_target_alias_set=
ac_cv_env_target_alias_value=
ac_cv_header_dlfcn_h=yes
ac_cv_header_inttypes_h=yes
ac_cv_header_malloc_h=yes
ac_cv_header_mpi_h=yes
ac_cv_header_stdint_h=yes
ac_cv_header_stdio_h=yes
ac_cv_header_stdlib_h=yes
ac_cv_header_string_h=yes
ac_cv_header_strings_h=yes
ac_cv_header_sys_stat_h=yes
ac_cv_header_sys_types_h=yes
ac_cv_header_unistd_h=yes
ac_cv_host=x86_64-unknown-linux-gnu
ac_cv_objext=o
ac_cv_path_EGREP='/usr/bin/grep -E'
ac_cv_path_FGREP='/usr/bin/grep -F'
ac_cv_path_GREP=/usr/bin/grep
ac_cv_path_SED=/usr/bin/sed
ac_cv_path_install='/usr/bin/install -c'
ac_cv_path_mkdir=/usr/bin/mkdir
ac_cv_prog_AWK=gawk
ac_cv_prog_CXXCPP='icpx -E'
ac_cv_prog_ac_ct_AR=ar
ac_cv_prog_ac_ct_MANIFEST_TOOL=mt
ac_cv_prog_ac_ct_OBJDUMP=objdump
ac_cv_prog_ac_ct_RANLIB=ranlib
ac_cv_prog_ac_ct_STRIP=strip
ac_cv_prog_cc_c11=
ac_cv_prog_cc_g=no
ac_cv_prog_cc_stdc=
ac_cv_prog_cxx_11=no
ac_cv_prog_cxx_cxx11=
ac_cv_prog_cxx_g=no
ac_cv_prog_cxx_stdcxx=
ac_cv_prog_make_make_set=yes
ac_cv_search_H5Fopen=-lhdf5
ac_cv_search_H5Pset_dxpl_mpio=no
ac_cv_search_MPI_Init='none required'
ac_cv_search_gzopen=-lz
ac_cv_search_sqrt='none required'
am_cv_CC_dependencies_compiler_type=gcc3
am_cv_CXX_dependencies_compiler_type=gcc3
am_cv_make_support_nested_variables=yes
am_cv_prog_cc_c_o=yes
lt_cv_ar_at_file=@
lt_cv_archive_cmds_need_lc=no
lt_cv_deplibs_check_method=pass_all
lt_cv_file_magic_cmd='$MAGIC_CMD'
lt_cv_file_magic_test_file=
lt_cv_ld_reload_flag=-r
lt_cv_nm_interface='BSD nm'
lt_cv_objdir=.libs
lt_cv_path_LD=/usr/x86_64-suse-linux/bin/ld
lt_cv_path_LDCXX='/usr/x86_64-suse-linux/bin/ld -m elf_x86_64'
lt_cv_path_NM='/usr/bin/nm -B'
lt_cv_path_mainfest_tool=no
lt_cv_prog_compiler_c_o=yes
lt_cv_prog_compiler_c_o_CXX=yes
lt_cv_prog_compiler_c_o_F77=yes
lt_cv_prog_compiler_pic='-fPIC -DPIC'
lt_cv_prog_compiler_pic_CXX='-fPIC -DPIC'
lt_cv_prog_compiler_pic_F77=-fPIC
lt_cv_prog_compiler_pic_works=yes
lt_cv_prog_compiler_pic_works_CXX=yes
lt_cv_prog_compiler_pic_works_F77=yes
lt_cv_prog_compiler_rtti_exceptions=yes
lt_cv_prog_compiler_static_works=no
lt_cv_prog_compiler_static_works_CXX=no
lt_cv_prog_compiler_static_works_F77=no
lt_cv_prog_gnu_ld=yes
lt_cv_prog_gnu_ldcxx=yes
lt_cv_sharedlib_from_linklib_cmd='printf %s\n'
lt_cv_shlibpath_overrides_runpath=no
lt_cv_sys_global_symbol_pipe='sed -n -e '\''s/^.*[	 ]\([ABCDGIRSTW][ABCDGIRSTW]*\)[	 ][	 ]*\([_A-Za-z][_A-Za-z0-9]*\)$/\1 \2 \2/p'\'' | sed '\''/ __gnu_lto/d'\'''
lt_cv_sys_global_symbol_to_c_name_address='sed -n -e '\''s/^: \([^ ]*\)[ ]*$/  {\"\1\", (void *) 0},/p'\'' -e '\''s/^[ABCDGIRSTW]* \([^ ]*\) \([^ ]*\)$/  {"\2", (void *) \&\2},/p'\'''
lt_cv_sys_global_symbol_to_c_name_address_lib_prefix='sed -n -e '\''s/^: \([^ ]*\)[ ]*$/  {\"\1\", (void *) 0},/p'\'' -e '\''s/^[ABCDGIRSTW]* \([^ ]*\) \(lib[^ ]*\)$/  {"\2", (void *) \&\2},/p'\'' -e '\''s/^[ABCDGIRSTW]* \([^ ]*\) \([^ ]*\)$/  {"lib\2", (void *) \&\2},/p'\'''
lt_cv_sys_global_symbol_to_cdecl='sed -n -e '\''s/^T .* \(.*\)$/extern int \1();/p'\'' -e '\''s/^[ABCDGIRSTW]* .* \(.*\)$/extern char \1;/p'\'''
lt_cv_sys_max_cmd_len=57600000
lt_cv_to_host_file_cmd=func_convert_file_noop
lt_cv_to_tool_file_cmd=func_convert_file_noop

## ----------------- ##
## Output variables. ##
## ----------------- ##

ACLOCAL='${SHELL} '\''/glade/u/home/taoyuan/work.link/CitcomSVE_publish/CitcomSVE3_derecho/aux-config/missing'\'' aclocal-1.16'
AMDEPBACKSLASH='\'
AMDEP_FALSE='#'
AMDEP_TRUE=''
AMTAR='$${TAR-tar}'
AM_BACKSLASH='\'
AM_DEFAULT_V='$(AM_DEFAULT_VERBOSITY)'
AM_DEFAULT_VERBOSITY='1'
AM_V='$(V)'
AR='ar'
AUTOCONF='${SHELL} '\''/glade/u/home/taoyuan/work.link/CitcomSVE_publish/CitcomSVE3_derecho/aux-config/missing'\'' autoconf'
AUTOHEADER='${SHELL} '\''/glade/u/home/taoyuan/work.link/CitcomSVE_publish/CitcomSVE3_derecho/aux-config/missing'\'' autoheader'
AUTOMAKE='${SHELL} '\''/glade/u/home/taoyuan/work.link/CitcomSVE_publish/CitcomSVE3_derecho/aux-config/missing'\'' automake-1.16'
AWK='gawk'
CC='icx'
CCDEPMODE='depmode=gcc3'
CFLAGS='-O3'
COND_CUDA_FALSE=''
COND_CUDA_TRUE='#'
COND_EMBEDDING_FALSE='#'
COND_EMBEDDING_TRUE=''
COND_EXCHANGER_FALSE=''
COND_EXCHANGER_TRUE='#'
COND_GGRD_FALSE=''
COND_GGRD_TRUE='#'
COND_HDF5_FALSE=''
COND_HDF5_TRUE='#'
COND_PYRE_FALSE=''
COND_PYRE_TRUE='#'
CPPFLAGS='-DUSE_GZDIR '
CSCOPE='cscope'
CTAGS='ctags'
CXX='icpx'
CXXCPP='icpx -E'
CXXDEPMODE='depmode=gcc3'
CXXFLAGS='-O2'
CYGPATH_W='echo'
DEFS='-DHAVE_CONFIG_H'
DEPDIR='.deps'
DLLTOOL='false'
DSYMUTIL=''
DUMPBIN=''
ECHO_C=''
ECHO_N='-n'
ECHO_T=''
EGREP='/usr/bin/grep -E'
ETAGS='etags'
EXEEXT=''
FGREP='/usr/bin/grep -F'
GREP='/usr/bin/grep'
HC_HOME=''
INSTALL_DATA='${INSTALL} -m 644'
INSTALL_PROGRAM='${INSTALL}'
INSTALL_SCRIPT='${INSTALL}'
INSTALL_STRIP_PROGRAM='$(install_sh) -c -s'
LD='/usr/x86_64-suse-linux/bin/ld -m elf_x86_64'
LDFLAGS=''
LIBOBJS=''
LIBS='-lz -lhdf5 '
LIBTOOL='$(SHELL) $(top_builddir)/libtool'
LIPO=''
LN_S='ln -s'
LTLIBOBJS=''
MAKEINFO='${SHELL} '\''/glade/u/home/taoyuan/work.link/CitcomSVE_publish/CitcomSVE3_derecho/aux-config/missing'\'' makeinfo'
MANIFEST_TOOL=':'
MKDIR_P='/usr/bin/mkdir -p'
NM='/usr/bin/nm -B'
NMEDIT=''
OBJDUMP='objdump'
OBJEXT='o'
OTOOL64=''
OTOOL=''
PACKAGE='CitcomS'
PACKAGE_BUGREPORT='cig-mc@geodynamics.org'
PACKAGE_NAME='CitcomS'
PACKAGE_STRING='CitcomS 3.1.1'
PACKAGE_TARNAME='CitcomS'
PACKAGE_URL=''
PACKAGE_VERSION='3.1.1'
PATH_SEPARATOR=':'
PHDF5_HOME=''
PYCONFIG=''
PYTHON=''
PYTHONPATH=''
PYTHON_BLDLIBRARY=''
PYTHON_EGG_CFLAGS=''
PYTHON_EGG_CPPFLAGS=''
PYTHON_EGG_LDFLAGS=''
PYTHON_EGG_LIBS=''
PYTHON_EGG_PYXFLAGS=''
PYTHON_EXEC_PREFIX=''
PYTHON_INCDIR=''
PYTHON_LA_LDFLAGS=''
PYTHON_LDFLAGS=''
PYTHON_LDLAST=''
PYTHON_LDLIBRARY=''
PYTHON_LIBDIR=''
PYTHON_LIBP=''
PYTHON_LIBPL=''
PYTHON_LIBS=''
PYTHON_LINKFORSHARED=''
PYTHON_MODLIBS=''
PYTHON_PLATFORM=''
PYTHON_PREFIX=''
PYTHON_SYSLIBS=''
PYTHON_VERSION=''
RANLIB='ranlib'
SED='/usr/bin/sed'
SET_MAKE=''
SHELL='/bin/sh'
STRIP='strip'
VERSION='3.1.1'
ac_ct_AR='ar'
ac_ct_CC=''
ac_ct_CXX=''
ac_ct_DUMPBIN=''
am__EXEEXT_FALSE=''
am__EXEEXT_TRUE='#'
am__fastdepCC_FALSE='#'
am__fastdepCC_TRUE=''
am__fastdepCXX_FALSE='#'
am__fastdepCXX_TRUE=''
am__include='include'
am__isrc=''
am__leading_dot='.'
am__nodep='_no'
am__quote=''
am__tar='$${TAR-tar} chof - "$$tardir"'
am__untar='$${TAR-tar} xf -'
bindir='${exec_prefix}/bin'
build='x86_64-unknown-linux-gnu'
build_alias=''
build_cpu='x86_64'
build_os='linux-gnu'
build_vendor='unknown'
datadir='${datarootdir}'
datarootdir='${prefix}/share'
docdir='${datarootdir}/doc/${PACKAGE_TARNAME}'
dvidir='${docdir}'
exec_prefix='${prefix}'
host='x86_64-unknown-linux-gnu'
host_alias=''
host_cpu='x86_64'
host_os='linux-gnu'
host_vendor='unknown'
htmldir='${docdir}'
includedir='${prefix}/include'
infodir='${datarootdir}/info'
install_sh='${SHELL} /glade/u/home/taoyuan/work.link/CitcomSVE_publish/CitcomSVE3_derecho/aux-config/install-sh'
libdir='${exec_prefix}/lib'
libexecdir='${exec_prefix}/libexec'
localedir='${datarootdir}/locale'
localstatedir='${prefix}/var'
mandir='${datarootdir}/man'
mkdir_p='$(MKDIR_P)'
oldincludedir='/usr/include'
pdfdir='${docdir}'
pkgpyexecdir=''
pkgpythondir=''
pkgsysconfdir=''
prefix='/usr/local'
program_transform_name='s,x,x,'
psdir='${docdir}'
pyexecdir=''
pythondir=''
runstatedir='${localstatedir}/run'
sbindir='${exec_prefix}/sbin'
sharedstatedir='${prefix}/com'
sysconfdir='${prefix}/etc'
target_alias=''

## ----------- ##
## confdefs.h. ##
## ----------- ##

/* confdefs.h */
#define PACKAGE_NAME "CitcomS"
#define PACKAGE_TARNAME "CitcomS"
#define PACKAGE_VERSION "3.1.1"
#define PACKAGE_STRING "CitcomS 3.1.1"
#define PACKAGE_BUGREPORT "cig-mc@geodynamics.org"
#define PACKAGE_URL ""
#define PACKAGE "CitcomS"
#define VERSION "3.1.1"
#define HAVE_STDIO_H 1
#define HAVE_STDLIB_H 1
#define HAVE_STRING_H 1
#define HAVE_INTTYPES_H 1
#define HAVE_STDINT_H 1
#define HAVE_STRINGS_H 1
#define HAVE_SYS_STAT_H 1
#define HAVE_SYS_TYPES_H 1
#define HAVE_UNISTD_H 1
#define STDC_HEADERS 1
#define HAVE_MALLOC_H 1
#define HAVE_DLFCN_H 1
#define LT_OBJDIR ".libs/"

configure: exit 0
